<?xml version="1.0" encoding="UTF-8"?>
<!-- Generated by org.testng.reporters.JUnitReportReporter -->
<testsuite hostname="DESKTOP-6LFL1D9" failures="0" tests="8" name="api.tests.DataDrivenTests" time="27.850" errors="0" timestamp="2024-03-18T14:26:59 IST" skipped="0">
  <testcase classname="api.tests.DataDrivenTests" name="testCreateUser" time="5.203"/>
  <system-out/>
  <testcase classname="api.tests.DataDrivenTests" name="testCreateUser" time="4.142"/>
  <system-out/>
  <testcase classname="api.tests.DataDrivenTests" name="testCreateUser" time="4.378"/>
  <system-out/>
  <testcase classname="api.tests.DataDrivenTests" name="testCreateUser" time="5.670"/>
  <system-out/>
  <testcase classname="api.tests.DataDrivenTests" name="deleteUser" time="2.183"/>
  <system-out/>
  <testcase classname="api.tests.DataDrivenTests" name="deleteUser" time="2.083"/>
  <system-out/>
  <testcase classname="api.tests.DataDrivenTests" name="deleteUser" time="2.411"/>
  <system-out/>
  <testcase classname="api.tests.DataDrivenTests" name="deleteUser" time="1.780"/>
  <system-out/>
</testsuite> <!-- api.tests.DataDrivenTests -->
