<?xml version="1.0" encoding="UTF-8"?>
<!-- Generated by org.testng.reporters.JUnitReportReporter -->
<testsuite hostname="DESKTOP-6LFL1D9" failures="0" tests="4" name="api.tests.UserTests" time="16.507" errors="0" timestamp="2024-03-18T14:26:59 IST" skipped="0">
  <testcase classname="api.tests.UserTests" name="testCreateUser" time="7.841"/>
  <system-out/>
  <testcase classname="api.tests.UserTests" name="testGetUser" time="2.395"/>
  <system-out/>
  <testcase classname="api.tests.UserTests" name="testUpdateUser" time="3.924"/>
  <system-out/>
  <testcase classname="api.tests.UserTests" name="testDeleteUser" time="2.347"/>
  <system-out/>
</testsuite> <!-- api.tests.UserTests -->
